<?xml version="1.0" encoding="UTF-8"?>
<testng-results skipped="0" failed="0" ignored="0" total="1" passed="1">
  <reporter-output>
  </reporter-output>
  <suite name="Default suite" duration-ms="10220" started-at="2024-07-15T04:56:59Z" finished-at="2024-07-15T04:57:09Z">
    <groups>
    </groups>
    <test name="Default test" duration-ms="10220" started-at="2024-07-15T04:56:59Z" finished-at="2024-07-15T04:57:09Z">
      <class name="com.assignment.fancode.FancodeTest">
        <test-method status="PASS" signature="beforeTest()[pri:0, instance:com.assignment.fancode.FancodeTest@7ba18f1b]" name="beforeTest" is-config="true" duration-ms="406" started-at="2024-07-15T10:26:59Z" finished-at="2024-07-15T10:26:59Z">
          <reporter-output>
          </reporter-output>
        </test-method> <!-- beforeTest -->
        <test-method status="PASS" signature="setUp()[pri:0, instance:com.assignment.fancode.FancodeTest@7ba18f1b]" name="setUp" is-config="true" duration-ms="1779" started-at="2024-07-15T10:26:59Z" finished-at="2024-07-15T10:27:01Z">
          <reporter-output>
          </reporter-output>
        </test-method> <!-- setUp -->
        <test-method status="PASS" signature="TaskCompletedMoreThan50PercentTest()[pri:0, instance:com.assignment.fancode.FancodeTest@7ba18f1b]" name="TaskCompletedMoreThan50PercentTest" duration-ms="7535" started-at="2024-07-15T10:27:01Z" finished-at="2024-07-15T10:27:09Z">
          <reporter-output>
          </reporter-output>
        </test-method> <!-- TaskCompletedMoreThan50PercentTest -->
        <test-method status="PASS" signature="getResult(org.testng.ITestResult)[pri:0, instance:com.assignment.fancode.FancodeTest@7ba18f1b]" name="getResult" is-config="true" duration-ms="14" started-at="2024-07-15T10:27:09Z" finished-at="2024-07-15T10:27:09Z">
          <params>
            <param index="0">
              <value>
                <![CDATA[[TestResult name=TaskCompletedMoreThan50PercentTest status=SUCCESS method=FancodeTest.TaskCompletedMoreThan50PercentTest()[pri:0, instance:com.assignment.fancode.FancodeTest@7ba18f1b] output={null}]]]>
              </value>
            </param>
          </params>
          <reporter-output>
          </reporter-output>
        </test-method> <!-- getResult -->
        <test-method status="PASS" signature="afterTest()[pri:0, instance:com.assignment.fancode.FancodeTest@7ba18f1b]" name="afterTest" is-config="true" duration-ms="455" started-at="2024-07-15T10:27:09Z" finished-at="2024-07-15T10:27:09Z">
          <reporter-output>
          </reporter-output>
        </test-method> <!-- afterTest -->
      </class> <!-- com.assignment.fancode.FancodeTest -->
    </test> <!-- Default test -->
  </suite> <!-- Default suite -->
</testng-results>
